1597172433686	geckodriver	INFO	Listening on 127.0.0.1:52656
1597172436735	mozrunner::runner	INFO	Running command: "C:\\Program Files\\Mozilla Firefox\\firefox.exe" "--marionette" "-foreground" "-no-remote" "-profile" "C:\\Users\\KETAN\\AppData\\Local\\Temp\\rust_mozprofile0o4Dk9"
JavaScript error: resource://gre/modules/XULStore.jsm, line 66: Error: Can't find profile directory.
console.error: SearchCache: "_readCacheFile: Error reading cache file:" (new Error("", "(unknown module)"))
1597172439153	Marionette	INFO	Listening on port 52664
1597172439348	Marionette	WARN	TLS certificate errors will be ignored for this session
1597172451775	Marionette	INFO	Stopped listening on port 52664

###!!! [Child][RunMessage] Error: Channel closing: too late to send/recv, messages will be lost


###!!! [Child][MessageChannel::SendAndWait] Error: Channel error: cannot send/recv

1597173295390	geckodriver	INFO	Listening on 127.0.0.1:52866
1597173298447	mozrunner::runner	INFO	Running command: "C:\\Program Files\\Mozilla Firefox\\firefox.exe" "--marionette" "-foreground" "-no-remote" "-profile" "C:\\Users\\KETAN\\AppData\\Local\\Temp\\rust_mozprofileBUmHbX"
JavaScript error: resource://gre/modules/XULStore.jsm, line 66: Error: Can't find profile directory.
console.error: SearchCache: "_readCacheFile: Error reading cache file:" (new Error("", "(unknown module)"))
1597173300866	Marionette	INFO	Listening on port 52874
1597173301065	Marionette	WARN	TLS certificate errors will be ignored for this session
JavaScript error: https://www.gstatic.com/mysidia/3b6c08da7220e9dae3c5eb54c7649dd4.js?tag=video_mra/web_fig_och, line 179: SecurityError: The operation is insecure.
JavaScript error: https://www.gstatic.com/mysidia/3b6c08da7220e9dae3c5eb54c7649dd4.js?tag=video_mra/web_fig_och, line 179: SecurityError: The operation is insecure.
JavaScript error: https://www.gstatic.com/mysidia/3b6c08da7220e9dae3c5eb54c7649dd4.js?tag=video_mra/web_fig_och, line 179: SecurityError: The operation is insecure.
1597173329940	Marionette	INFO	Stopped listening on port 52874

###!!! [Child][RunMessage] Error: Channel closing: too late to send/recv, messages will be lost


###!!! [Child][MessageChannel::SendAndWait] Error: Channel error: cannot send/recv

1597173740824	geckodriver	INFO	Listening on 127.0.0.1:53099
1597173743880	mozrunner::runner	INFO	Running command: "C:\\Program Files\\Mozilla Firefox\\firefox.exe" "--marionette" "-foreground" "-no-remote" "-profile" "C:\\Users\\KETAN\\AppData\\Local\\Temp\\rust_mozprofileqnoTsY"
JavaScript error: resource://gre/modules/XULStore.jsm, line 66: Error: Can't find profile directory.
console.error: SearchCache: "_readCacheFile: Error reading cache file:" (new Error("", "(unknown module)"))
1597173746258	Marionette	INFO	Listening on port 53110
1597173746504	Marionette	WARN	TLS certificate errors will be ignored for this session
1597173747989	Marionette	INFO	Stopped listening on port 53110

###!!! [Child][RunMessage] Error: Channel closing: too late to send/recv, messages will be lost


###!!! [Child][MessageChannel::SendAndWait] Error: Channel error: cannot send/recv

1597173837459	geckodriver	INFO	Listening on 127.0.0.1:53205
1597173840522	mozrunner::runner	INFO	Running command: "C:\\Program Files\\Mozilla Firefox\\firefox.exe" "--marionette" "-foreground" "-no-remote" "-profile" "C:\\Users\\KETAN\\AppData\\Local\\Temp\\rust_mozprofileoyZfT4"
JavaScript error: resource://gre/modules/XULStore.jsm, line 66: Error: Can't find profile directory.
console.error: SearchCache: "_readCacheFile: Error reading cache file:" (new Error("", "(unknown module)"))
1597173842993	Marionette	INFO	Listening on port 53214
1597173843138	Marionette	WARN	TLS certificate errors will be ignored for this session
1597173848783	Marionette	INFO	Stopped listening on port 53214

###!!! [Child][RunMessage] Error: Channel closing: too late to send/recv, messages will be lost


###!!! [Child][MessageChannel::SendAndWait] Error: Channel error: cannot send/recv

1597174184183	geckodriver	INFO	Listening on 127.0.0.1:55014
1597174187240	mozrunner::runner	INFO	Running command: "C:\\Program Files\\Mozilla Firefox\\firefox.exe" "--marionette" "-foreground" "-no-remote" "-profile" "C:\\Users\\KETAN\\AppData\\Local\\Temp\\rust_mozprofile6SZ6b7"
JavaScript error: resource://gre/modules/XULStore.jsm, line 66: Error: Can't find profile directory.
console.error: SearchCache: "_readCacheFile: Error reading cache file:" (new Error("", "(unknown module)"))
1597174189715	Marionette	INFO	Listening on port 55024
1597174189862	Marionette	WARN	TLS certificate errors will be ignored for this session
console.warn: LoginRecipes: "getRecipes: falling back to a synchronous message for:" "https://phptravels.org"
1597174240614	Marionette	INFO	Stopped listening on port 55024

###!!! [Child][RunMessage] Error: Channel closing: too late to send/recv, messages will be lost


###!!! [Child][MessageChannel::SendAndWait] Error: Channel error: cannot send/recv

1597174251951	geckodriver	INFO	Listening on 127.0.0.1:55109
1597174254994	mozrunner::runner	INFO	Running command: "C:\\Program Files\\Mozilla Firefox\\firefox.exe" "--marionette" "-foreground" "-no-remote" "-profile" "C:\\Users\\KETAN\\AppData\\Local\\Temp\\rust_mozprofilegHGHMi"
JavaScript error: resource://gre/modules/XULStore.jsm, line 66: Error: Can't find profile directory.
console.error: SearchCache: "_readCacheFile: Error reading cache file:" (new Error("", "(unknown module)"))
1597174257417	Marionette	INFO	Listening on port 55119
1597174257613	Marionette	WARN	TLS certificate errors will be ignored for this session
1597174262550	Marionette	INFO	Stopped listening on port 55119

###!!! [Child][RunMessage] Error: Channel closing: too late to send/recv, messages will be lost


###!!! [Child][MessageChannel::SendAndWait] Error: Channel error: cannot send/recv

1597174331075	geckodriver	INFO	Listening on 127.0.0.1:55209
1597174334133	mozrunner::runner	INFO	Running command: "C:\\Program Files\\Mozilla Firefox\\firefox.exe" "--marionette" "-foreground" "-no-remote" "-profile" "C:\\Users\\KETAN\\AppData\\Local\\Temp\\rust_mozprofileo6UwlE"
JavaScript error: resource://gre/modules/XULStore.jsm, line 66: Error: Can't find profile directory.
console.error: SearchCache: "_readCacheFile: Error reading cache file:" (new Error("", "(unknown module)"))
1597174336521	Marionette	INFO	Listening on port 55219
1597174336743	Marionette	WARN	TLS certificate errors will be ignored for this session
1597174346486	Marionette	INFO	Stopped listening on port 55219

###!!! [Child][RunMessage] Error: Channel closing: too late to send/recv, messages will be lost


###!!! [Child][MessageChannel::SendAndWait] Error: Channel error: cannot send/recv

1597174367422	geckodriver	INFO	Listening on 127.0.0.1:55285
1597174370478	mozrunner::runner	INFO	Running command: "C:\\Program Files\\Mozilla Firefox\\firefox.exe" "--marionette" "-foreground" "-no-remote" "-profile" "C:\\Users\\KETAN\\AppData\\Local\\Temp\\rust_mozprofileyaiG7l"
JavaScript error: resource://gre/modules/XULStore.jsm, line 66: Error: Can't find profile directory.
console.error: SearchCache: "_readCacheFile: Error reading cache file:" (new Error("", "(unknown module)"))
1597174372853	Marionette	INFO	Listening on port 55294
1597174373115	Marionette	WARN	TLS certificate errors will be ignored for this session
console.warn: LoginRecipes: "getRecipes: falling back to a synchronous message for:" "https://phptravels.org"
1597174428966	Marionette	INFO	Stopped listening on port 55294

###!!! [Child][RunMessage] Error: Channel closing: too late to send/recv, messages will be lost


###!!! [Child][MessageChannel::SendAndWait] Error: Channel error: cannot send/recv

Temp\\rust_mozprofileyHimPd"
JavaScript error: resource://gre/modules/XULStore.jsm, line 66: Error: Can't find profile directory.
console.error: SearchCache: "_readCacheFile: Error reading cache file:" (new Error("", "(unknown module)"))
1597174414775	Marionette	INFO	Listening on port 55373
1597174414867	Marionette	WARN	TLS certificate errors will be ignored for this session
1597174423320	Marionette	INFO	Stopped listening on port 55373

###!!! [Child][RunMessage] Error: Channel closing: too late to send/recv, messages will be lost


###!!! [Child][MessageChannel::SendAndWait] Error: Channel error: cannot send/recv

1597174490957	geckodriver	INFO	Listening on 127.0.0.1:55476
1597174494005	mozrunner::runner	INFO	Running command: "C:\\Program Files\\Mozilla Firefox\\firefox.exe" "--marionette" "-foreground" "-no-remote" "-profile" "C:\\Users\\KETAN\\AppData\\Local\\Temp\\rust_mozprofileuzTP49"
JavaScript error: resource://gre/modules/XULStore.jsm, line 66: Error: Can't find profile directory.
console.error: SearchCache: "_readCacheFile: Error reading cache file:" (new Error("", "(unknown module)"))
1597174496507	Marionette	INFO	Listening on port 55485
1597174496627	Marionette	WARN	TLS certificate errors will be ignored for this session
1597174500965	Marionette	INFO	Stopped listening on port 55485

###!!! [Child][RunMessage] Error: Channel closing: too late to send/recv, messages will be lost


###!!! [Child][MessageChannel::SendAndWait] Error: Channel error: cannot send/recv

1597174777497	geckodriver	INFO	Listening on 127.0.0.1:55686
1597174780544	mozrunner::runner	INFO	Running command: "C:\\Program Files\\Mozilla Firefox\\firefox.exe" "--marionette" "-foreground" "-no-remote" "-profile" "C:\\Users\\KETAN\\AppData\\Local\\Temp\\rust_mozprofileMqt7H9"
JavaScript error: resource://gre/modules/XULStore.jsm, line 66: Error: Can't find profile directory.
console.error: SearchCache: "_readCacheFile: Error reading cache file:" (new Error("", "(unknown module)"))
1597174783188	Marionette	INFO	Listening on port 55695
1597174783655	Marionette	WARN	TLS certificate errors will be ignored for this session
1597174788096	Marionette	INFO	Stopped listening on port 55695

###!!! [Child][RunMessage] Error: Channel closing: too late to send/recv, messages will be lost


###!!! [Child][MessageChannel::SendAndWait] Error: Channel error: cannot send/recv

1597174803444	geckodriver	INFO	Listening on 127.0.0.1:55759
1597174806502	mozrunner::runner	INFO	Running command: "C:\\Program Files\\Mozilla Firefox\\firefox.exe" "--marionette" "-foreground" "-no-remote" "-profile" "C:\\Users\\KETAN\\AppData\\Local\\Temp\\rust_mozprofiletJIdvo"
JavaScript error: resource://gre/modules/XULStore.jsm, line 66: Error: Can't find profile directory.
console.error: SearchCache: "_readCacheFile: Error reading cache file:" (new Error("", "(unknown module)"))
1597174808882	Marionette	INFO	Listening on port 55769
1597174809116	Marionette	WARN	TLS certificate errors will be ignored for this session
1597174820015	Marionette	INFO	Stopped listening on port 55769

###!!! [Child][RunMessage] Error: Channel closing: too late to send/recv, messages will be lost


###!!! [Child][MessageChannel::SendAndWait] Error: Channel error: cannot send/recv

1597174849447	geckodriver	INFO	Listening on 127.0.0.1:55843
1597174852505	mozrunner::runner	INFO	Running command: "C:\\Program Files\\Mozilla Firefox\\firefox.exe" "--marionette" "-foreground" "-no-remote" "-profile" "C:\\Users\\KETAN\\AppData\\Local\\Temp\\rust_mozprofileYpdjyM"
JavaScript error: resource://gre/modules/XULStore.jsm, line 66: Error: Can't find profile directory.
console.error: SearchCache: "_readCacheFile: Error reading cache file:" (new Error("", "(unknown module)"))
1597174854940	Marionette	INFO	Listening on port 55853
1597174855115	Marionette	WARN	TLS certificate errors will be ignored for this session
1597174884897	Marionette	INFO	Stopped listening on port 55853

###!!! [Child][RunMessage] Error: Channel closing: too late to send/recv, messages will be lost


###!!! [Child][MessageChannel::SendAndWait] Error: Channel error: cannot send/recv

1597174891058	geckodriver	INFO	Listening on 127.0.0.1:55922
1597174894115	mozrunner::runner	INFO	Running command: "C:\\Program Files\\Mozilla Firefox\\firefox.exe" "--marionette" "-foreground" "-no-remote" "-profile" "C:\\Users\\KETAN\\AppData\\Local\\Temp\\rust_mozprofileulhFtM"
JavaScript error: resource://gre/modules/XULStore.jsm, line 66: Error: Can't find profile directory.
console.error: SearchCache: "_readCacheFile: Error reading cache file:" (new Error("", "(unknown module)"))
1597174896539	Marionette	INFO	Listening on port 55931
1597174896728	Marionette	WARN	TLS certificate errors will be ignored for this session
1597174919042	Marionette	INFO	Stopped listening on port 55931

###!!! [Child][RunMessage] Error: Channel closing: too late to send/recv, messages will be lost


###!!! [Child][MessageChannel::SendAndWait] Error: Channel error: cannot send/recv

1597174935563	geckodriver	INFO	Listening on 127.0.0.1:56004
1597174938619	mozrunner::runner	INFO	Running command: "C:\\Program Files\\Mozilla Firefox\\firefox.exe" "--marionette" "-foreground" "-no-remote" "-profile" "C:\\Users\\KETAN\\AppData\\Local\\Temp\\rust_mozprofileBociUH"
JavaScript error: resource://gre/modules/XULStore.jsm, line 66: Error: Can't find profile directory.
console.error: SearchCache: "_readCacheFile: Error reading cache file:" (new Error("", "(unknown module)"))
1597174941178	Marionette	INFO	Listening on port 56014
1597174941234	Marionette	WARN	TLS certificate errors will be ignored for this session
1597174952219	Marionette	INFO	Stopped listening on port 56014

###!!! [Child][RunMessage] Error: Channel closing: too late to send/recv, messages will be lost


###!!! [Child][MessageChannel::SendAndWait] Error: Channel error: cannot send/recv

1597180989747	geckodriver	INFO	Listening on 127.0.0.1:61285
1597180992801	mozrunner::runner	INFO	Running command: "C:\\Program Files\\Mozilla Firefox\\firefox.exe" "--marionette" "-foreground" "-no-remote" "-profile" "C:\\Users\\KETAN\\AppData\\Local\\Temp\\rust_mozprofileyjuwwy"
JavaScript error: resource://gre/modules/XULStore.jsm, line 66: Error: Can't find profile directory.
console.error: SearchCache: "_readCacheFile: Error reading cache file:" (new Error("", "(unknown module)"))
1597180995208	Marionette	INFO	Listening on port 61294
1597180995411	Marionette	WARN	TLS certificate errors will be ignored for this session
1597180999332	Marionette	INFO	Stopped listening on port 61294

###!!! [Child][RunMessage] Error: Channel closing: too late to send/recv, messages will be lost


###!!! [Child][MessageChannel::SendAndWait] Error: Channel error: cannot send/recv

1597181233337	geckodriver	INFO	Listening on 127.0.0.1:61476
1597181236393	mozrunner::runner	INFO	Running command: "C:\\Program Files\\Mozilla Firefox\\firefox.exe" "--marionette" "-foreground" "-no-remote" "-profile" "C:\\Users\\KETAN\\AppData\\Local\\Temp\\rust_mozprofilextlrwW"
JavaScript error: resource://gre/modules/XULStore.jsm, line 66: Error: Can't find profile directory.
console.error: SearchCache: "_readCacheFile: Error reading cache file:" (new Error("", "(unknown module)"))
1597181239132	Marionette	INFO	Listening on port 61486
1597181239507	Marionette	WARN	TLS certificate errors will be ignored for this session
1597181245764	Marionette	INFO	Stopped listening on port 61486

###!!! [Child][MessageChannel::SendAndWait] Error: Channel error: cannot send/recv

1597215512003	geckodriver	INFO	Listening on 127.0.0.1:52886
1597215515115	mozrunner::runner	INFO	Running command: "C:\\Program Files\\Mozilla Firefox\\firefox.exe" "--marionette" "-foreground" "-no-remote" "-profile" "C:\\Users\\KETAN\\AppData\\Local\\Temp\\rust_mozprofileTeQycu"
JavaScript error: resource://gre/modules/XULStore.jsm, line 66: Error: Can't find profile directory.
console.error: SearchCache: "_readCacheFile: Error reading cache file:" (new Error("", "(unknown module)"))
1597215518123	Marionette	INFO	Listening on port 52894
1597215518237	Marionette	WARN	TLS certificate errors will be ignored for this session
JavaScript error: resource://gre/modules/URIFixup.jsm, line 281: NS_ERROR_FAILURE: Should pass a non-null uri
1597215534665	Marionette	INFO	Stopped listening on port 52894

###!!! [Child][RunMessage] Error: Channel closing: too late to send/recv, messages will be lost


###!!! [Child][MessageChannel::SendAndWait] Error: Channel error: cannot send/recv

1597215759807	geckodriver	INFO	Listening on 127.0.0.1:53092
1597215762843	mozrunner::runner	INFO	Running command: "C:\\Program Files\\Mozilla Firefox\\firefox.exe" "--marionette" "-foreground" "-no-remote" "-profile" "C:\\Users\\KETAN\\AppData\\Local\\Temp\\rust_mozprofile4f0bwU"
JavaScript error: resource://gre/modules/XULStore.jsm, line 66: Error: Can't find profile directory.
console.error: SearchCache: "_readCacheFile: Error reading cache file:" (new Error("", "(unknown module)"))
1597215765318	Marionette	INFO	Listening on port 53102
1597215765464	Marionette	WARN	TLS certificate errors will be ignored for this session
JavaScript error: resource://gre/modules/URIFixup.jsm, line 281: NS_ERROR_FAILURE: Should pass a non-null uri
JavaScript error: , line 0: TypeError: NetworkError when attempting to fetch resource.
JavaScript error: , line 0: TypeError: NetworkError when attempting to fetch resource.

###!!! [Child][RunMessage] Error: Channel closing: too late to send/recv, messages will be lost


###!!! [Child][RunMessage] Error: Channel closing: too late to send/recv, messages will be lost


###!!! [Child][RunMessage] Error: Channel closing: too late to send/recv, messages will be lost


###!!! [Child][RunMessage] Error: Channel closing: too late to send/recv, messages will be lost


###!!! [Child][RunMessage] Error: Channel closing: too late to send/recv, messages will be lost

1597215790149	Marionette	INFO	Stopped listening on port 53102

###!!! [Child][RunMessage] Error: Channel closing: too late to send/recv, messages will be lost

1597215801650	geckodriver	INFO	Listening on 127.0.0.1:53253
1597215804697	mozrunner::runner	INFO	Running command: "C:\\Program Files\\Mozilla Firefox\\firefox.exe" "--marionette" "-foreground" "-no-remote" "-profile" "C:\\Users\\KETAN\\AppData\\Local\\Temp\\rust_mozprofileLKDokj"
JavaScript error: resource://gre/modules/XULStore.jsm, line 66: Error: Can't find profile directory.
console.error: SearchCache: "_readCacheFile: Error reading cache file:" (new Error("", "(unknown module)"))
1597215806961	Marionette	INFO	Listening on port 53262
1597215807316	Marionette	WARN	TLS certificate errors will be ignored for this session
JavaScript error: resource://gre/modules/URIFixup.jsm, line 281: NS_ERROR_FAILURE: Should pass a non-null uri
1597215822900	Marionette	INFO	Stopped listening on port 53262

###!!! [Child][RunMessage] Error: Channel closing: too late to send/recv, messages will be lost


###!!! [Child][MessageChannel::SendAndWait] Error: Channel error: cannot send/recv

1597215931882	geckodriver	INFO	Listening on 127.0.0.1:53446
1597215934937	mozrunner::runner	INFO	Running command: "C:\\Program Files\\Mozilla Firefox\\firefox.exe" "--marionette" "-foreground" "-no-remote" "-profile" "C:\\Users\\KETAN\\AppData\\Local\\Temp\\rust_mozprofile68DiPF"
JavaScript error: resource://gre/modules/XULStore.jsm, line 66: Error: Can't find profile directory.
console.error: SearchCache: "_readCacheFile: Error reading cache file:" (new Error("", "(unknown module)"))
1597215937299	Marionette	INFO	Listening on port 53456
1597215937551	Marionette	WARN	TLS certificate errors will be ignored for this session
JavaScript error: resource://gre/modules/URIFixup.jsm, line 281: NS_ERROR_FAILURE: Should pass a non-null uri
1597216081400	Marionette	INFO	Stopped listening on port 53456

###!!! [Child][RunMessage] Error: Channel closing: too late to send/recv, messages will be lost


###!!! [Child][MessageChannel::SendAndWait] Error: Channel error: cannot send/recv

Temp\\rust_mozprofileEUsv3s"
JavaScript error: resource://gre/modules/XULStore.jsm, line 66: Error: Can't find profile directory.
console.error: SearchCache: "_readCacheFile: Error reading cache file:" (new Error("", "(unknown module)"))
1597215995667	Marionette	INFO	Listening on port 53619
1597215995929	Marionette	WARN	TLS certificate errors will be ignored for this session
JavaScript error: resource://gre/modules/URIFixup.jsm, line 281: NS_ERROR_FAILURE: Should pass a non-null uri
1597216082422	Marionette	INFO	Stopped listening on port 53619

###!!! [Child][RunMessage] Error: Channel closing: too late to send/recv, messages will be lost


###!!! [Child][MessageChannel::SendAndWait] Error: Channel error: cannot send/recv

1597216084307	geckodriver	INFO	Listening on 127.0.0.1:53829
1597216087362	mozrunner::runner	INFO	Running command: "C:\\Program Files\\Mozilla Firefox\\firefox.exe" "--marionette" "-foreground" "-no-remote" "-profile" "C:\\Users\\KETAN\\AppData\\Local\\Temp\\rust_mozprofileobkFq5"
JavaScript error: resource://gre/modules/XULStore.jsm, line 66: Error: Can't find profile directory.
console.error: SearchCache: "_readCacheFile: Error reading cache file:" (new Error("", "(unknown module)"))
1597216089658	Marionette	INFO	Listening on port 53839
1597216089983	Marionette	WARN	TLS certificate errors will be ignored for this session
JavaScript error: resource://gre/modules/URIFixup.jsm, line 281: NS_ERROR_FAILURE: Should pass a non-null uri
1597216188398	Marionette	INFO	Stopped listening on port 53839

###!!! [Child][MessageChannel::SendAndWait] Error: Channel error: cannot send/recv

firefox.exe" "--marionette" "-foreground" "-no-remote" "-profile" "C:\\Users\\KETAN\\AppData\\Local\\Temp\\rust_mozprofileUe8MBL"
JavaScript error: resource://gre/modules/XULStore.jsm, line 66: Error: Can't find profile directory.
console.error: SearchCache: "_readCacheFile: Error reading cache file:" (new Error("", "(unknown module)"))
1597216168069	Marionette	INFO	Listening on port 54022
1597216168338	Marionette	WARN	TLS certificate errors will be ignored for this session
JavaScript error: resource://gre/modules/URIFixup.jsm, line 281: NS_ERROR_FAILURE: Should pass a non-null uri
1597216182469	Marionette	INFO	Stopped listening on port 54022
JavaScript error: , line 0: uncaught exception: undefined

###!!! [Child][RunMessage] Error: Channel closing: too late to send/recv, messages will be lost


###!!! [Child][MessageChannel::SendAndWait] Error: Channel error: cannot send/recv

1597216225595	geckodriver	INFO	Listening on 127.0.0.1:54186
1597216228653	mozrunner::runner	INFO	Running command: "C:\\Program Files\\Mozilla Firefox\\firefox.exe" "--marionette" "-foreground" "-no-remote" "-profile" "C:\\Users\\KETAN\\AppData\\Local\\Temp\\rust_mozprofile6Y1HgP"
JavaScript error: resource://gre/modules/XULStore.jsm, line 66: Error: Can't find profile directory.
console.error: SearchCache: "_readCacheFile: Error reading cache file:" (new Error("", "(unknown module)"))
1597216230994	Marionette	INFO	Listening on port 54196
1597216231266	Marionette	WARN	TLS certificate errors will be ignored for this session
JavaScript error: resource://gre/modules/URIFixup.jsm, line 281: NS_ERROR_FAILURE: Should pass a non-null uri
1597216256846	Marionette	INFO	Stopped listening on port 54196

###!!! [Child][RunMessage] Error: Channel closing: too late to send/recv, messages will be lost


###!!! [Child][MessageChannel::SendAndWait] Error: Channel error: cannot send/recv

1597216280650	geckodriver	INFO	Listening on 127.0.0.1:54345
1597216283696	mozrunner::runner	INFO	Running command: "C:\\Program Files\\Mozilla Firefox\\firefox.exe" "--marionette" "-foreground" "-no-remote" "-profile" "C:\\Users\\KETAN\\AppData\\Local\\Temp\\rust_mozprofile8bZe63"
JavaScript error: resource://gre/modules/XULStore.jsm, line 66: Error: Can't find profile directory.
console.error: SearchCache: "_readCacheFile: Error reading cache file:" (new Error("", "(unknown module)"))
1597216285921	Marionette	INFO	Listening on port 54354
1597216286311	Marionette	WARN	TLS certificate errors will be ignored for this session
JavaScript error: resource://gre/modules/URIFixup.jsm, line 281: NS_ERROR_FAILURE: Should pass a non-null uri
1597216307869	Marionette	INFO	Stopped listening on port 54354

###!!! [Child][MessageChannel::SendAndWait] Error: Channel error: cannot send/recv

1597216326150	geckodriver	INFO	Listening on 127.0.0.1:54504
1597216329206	mozrunner::runner	INFO	Running command: "C:\\Program Files\\Mozilla Firefox\\firefox.exe" "--marionette" "-foreground" "-no-remote" "-profile" "C:\\Users\\KETAN\\AppData\\Local\\Temp\\rust_mozprofileKYKnMS"
JavaScript error: resource://gre/modules/XULStore.jsm, line 66: Error: Can't find profile directory.
console.error: SearchCache: "_readCacheFile: Error reading cache file:" (new Error("", "(unknown module)"))
1597216331805	Marionette	INFO	Listening on port 54514
1597216331821	Marionette	WARN	TLS certificate errors will be ignored for this session
JavaScript error: resource://gre/modules/URIFixup.jsm, line 281: NS_ERROR_FAILURE: Should pass a non-null uri
[Child 4356, Chrome_ChildThread] WARNING: pipe error: 232: f1597216377916	mozrunner::runner	INFO	Running command: "C:\\Program Files\\Mozilla Firefox\\firefox.exe" "--marionette" "-foreground" "-no-remote" "-profile" "C:\\Users\\KETAN\\AppData\\Local\\Temp\\rust_mozprofilexklTD6"
JavaScript error: resource://gre/modules/XULStore.jsm, line 66: Error: Can't find profile directory.
console.error: SearchCache: "_readCacheFile: Error reading cache file:" (new Error("", "(unknown module)"))
1597216380239	Marionette	INFO	Listening on port 54664
1597216380533	Marionette	WARN	TLS certificate errors will be ignored for this session
JavaScript error: resource://gre/modules/URIFixup.jsm, line 281: NS_ERROR_FAILURE: Should pass a non-null uri
1597216399727	Marionette	INFO	Stopped listening on port 54664

###!!! [Child][RunMessage] Error: Channel closing: too late to send/recv, messages will be lost


###!!! [Child][MessageChannel::SendAndWait] Error: Channel error: cannot send/recv

1597216600943	geckodriver	INFO	Listening on 127.0.0.1:54926
1597216603998	mozrunner::runner	INFO	Running command: "C:\\Program Files\\Mozilla Firefox\\firefox.exe" "--marionette" "-foreground" "-no-remote" "-profile" "C:\\Users\\KETAN\\AppData\\Local\\Temp\\rust_mozprofile5ovIl7"
JavaScript error: resource://gre/modules/XULStore.jsm, line 66: Error: Can't find profile directory.
console.error: SearchCache: "_readCacheFile: Error reading cache file:" (new Error("", "(unknown module)"))
1597216606398	Marionette	INFO	Listening on port 54935
1597216606608	Marionette	WARN	TLS certificate errors will be ignored for this session
JavaScript error: resource://gre/modules/URIFixup.jsm, line 281: NS_ERROR_FAILURE: Should pass a non-null uri
1597216977324	Marionette	INFO	Stopped listening on port 54935

###!!! [Child][RunMessage] Error: Channel closing: too late to send/recv, messages will be lost


###!!! [Child][MessageChannel::SendAndWait] Error: Channel error: cannot send/recv

Temp\\rust_mozprofileFduukL"
JavaScript error: resource://gre/modules/XULStore.jsm, line 66: Error: Can't find profile directory.
console.error: SearchCache: "_readCacheFile: Error reading cache file:" (new Error("", "(unknown module)"))
1597216817005	Marionette	INFO	Listening on port 55207
1597216817223	Marionette	WARN	TLS certificate errors will be ignored for this session
JavaScript error: resource://gre/modules/URIFixup.jsm, line 281: NS_ERROR_FAILURE: Should pass a non-null uri
[Child 17536, Chrome_ChildThread] WARNING: pipe error: 232: file /builds/worker/checkouts/gecko/ipc/chromium/src/chrome/common/ipc_channel_win.cc, line 524
1597216978344	Marionette	INFO	Stopped listening on port 55207

###!!! [Child][RunMessage] Error: Channel closing: too late to send/recv, messages will be lost


###!!! [Child][MessageChannel::SendAndWait] Error: Channel error: cannot send/recv

: "_readCacheFile: Error reading cache file:" (new Error("", "(unknown module)"))
1597216908215	Marionette	INFO	Listening on port 55386
1597216908404	Marionette	WARN	TLS certificate errors will be ignored for this session
JavaScript error: resource://gre/modules/URIFixup.jsm, line 281: NS_ERROR_FAILURE: Should pass a non-null uri
[Child 19120, Chrome_ChildThread] WARNING: pipe error: 232: file /builds/worker/checkouts/gecko/ipc/chromium/src/chrome/common/ipc_channel_win.cc, line 524
[Child 19120, Chrome_ChildThread] WARNING: pipe error: 232: file /builds/worker/checkouts/gecko/ipc/chromium/src/chrome/common/ipc_channel_win.cc, line 524
[Child 19120, Chrome_ChildThread] WARNING: pipe error: 232: file /builds/worker/checkouts/gecko/ipc/chromium/src/chrome/common/ipc_channel_win.cc, line 524
1597216979452	Marionette	INFO	Stopped listening on port 55386

###!!! [Child][RunMessage] Error: Channel closing: too late to send/recv, messages will be lost


###!!! [Child][MessageChannel::SendAndWait] Error: Channel error: cannot send/recv

 pass a non-null uri

###!!! [Child][MessageChannel] Error: (msgtype=0x5A0011,name=PHttpChannel::Msg___delete__) Channel closing: too late to send/recv, messages will be lost


###!!! [Child][MessageChannel] Error: (msgtype=0x6B0029,name=PNecko::Msg_RemoveRequestContext) Channel closing: too late to send/recv, messages will be lost

1597216981340	Marionette	INFO	Stopped listening on port 55533

###!!! [Child][RunMessage] Error: Channel closing: too late to send/recv, messages will be lost


###!!! [Child][MessageChannel::SendAndWait] Error: Channel error: cannot send/recv

